[2021-09-07 16:29:59.965] [jointLog] [info] setting maxHashResizeThreads to 12
[2021-09-07 16:29:59.965] [jointLog] [info] Fragment incompatibility prior below threshold.  Incompatible fragments will be ignored.
[2021-09-07 16:29:59.965] [jointLog] [info] Usage of --validateMappings implies use of minScoreFraction. Since not explicitly specified, it is being set to 0.65
[2021-09-07 16:29:59.965] [jointLog] [info] Setting consensusSlack to selective-alignment default of 0.35.
[2021-09-07 16:29:59.965] [jointLog] [info] parsing read library format
[2021-09-07 16:29:59.965] [jointLog] [info] There is 1 library.
[2021-09-07 16:30:00.073] [jointLog] [info] Loading pufferfish index
[2021-09-07 16:30:00.078] [jointLog] [info] Loading dense pufferfish index.
[2021-09-07 16:30:00.566] [jointLog] [info] done
[2021-09-07 16:30:00.566] [jointLog] [info] Index contained 45,600 targets
[2021-09-07 16:30:00.589] [jointLog] [info] Number of decoys : 0
[2021-09-07 16:32:21.023] [jointLog] [info] Computed 65,206 rich equivalence classes for further processing
[2021-09-07 16:32:21.023] [jointLog] [info] Counted 9,145,912 total reads in the equivalence classes 
[2021-09-07 16:32:21.028] [jointLog] [info] Number of mappings discarded because of alignment score : 6,579,468
[2021-09-07 16:32:21.028] [jointLog] [info] Number of fragments entirely discarded because of alignment score : 2,031,830
[2021-09-07 16:32:21.028] [jointLog] [info] Number of fragments discarded because they are best-mapped to decoys : 0
[2021-09-07 16:32:21.028] [jointLog] [info] Number of fragments discarded because they have only dovetail (discordant) mappings to valid targets : 562,794
[2021-09-07 16:32:21.028] [jointLog] [info] Mapping rate = 47.4141%

[2021-09-07 16:32:21.028] [jointLog] [info] finished quantifyLibrary()
[2021-09-07 16:32:21.041] [jointLog] [info] Starting optimizer
[2021-09-07 16:32:21.083] [jointLog] [info] Marked 0 weighted equivalence classes as degenerate
[2021-09-07 16:32:21.087] [jointLog] [info] iteration = 0 | max rel diff. = 16106.6
[2021-09-07 16:32:21.024] [fileLog] [info] 
At end of round 0
==================
Observed 19289416 total fragments (19289416 in most recent round)

[2021-09-07 16:32:21.455] [jointLog] [info] iteration = 100 | max rel diff. = 1.45479
[2021-09-07 16:32:21.645] [jointLog] [info] iteration = 152 | max rel diff. = 0.00705104
[2021-09-07 16:32:21.652] [jointLog] [info] Finished optimizer
[2021-09-07 16:32:21.652] [jointLog] [info] writing output 

