[2021-09-07 16:42:08.677] [jointLog] [info] setting maxHashResizeThreads to 12
[2021-09-07 16:42:08.677] [jointLog] [info] Fragment incompatibility prior below threshold.  Incompatible fragments will be ignored.
[2021-09-07 16:42:08.677] [jointLog] [info] Usage of --validateMappings implies use of minScoreFraction. Since not explicitly specified, it is being set to 0.65
[2021-09-07 16:42:08.677] [jointLog] [info] Setting consensusSlack to selective-alignment default of 0.35.
[2021-09-07 16:42:08.677] [jointLog] [info] parsing read library format
[2021-09-07 16:42:08.677] [jointLog] [info] There is 1 library.
[2021-09-07 16:42:08.782] [jointLog] [info] Loading pufferfish index
[2021-09-07 16:42:08.785] [jointLog] [info] Loading dense pufferfish index.
[2021-09-07 16:42:09.302] [jointLog] [info] done
[2021-09-07 16:42:09.302] [jointLog] [info] Index contained 57,740 targets
[2021-09-07 16:42:09.338] [jointLog] [info] Number of decoys : 0
[2021-09-07 16:44:58.092] [jointLog] [info] Computed 77,624 rich equivalence classes for further processing
[2021-09-07 16:44:58.092] [jointLog] [info] Counted 12,066,627 total reads in the equivalence classes 
[2021-09-07 16:44:58.097] [jointLog] [info] Number of mappings discarded because of alignment score : 12,074,773
[2021-09-07 16:44:58.097] [jointLog] [info] Number of fragments entirely discarded because of alignment score : 2,461,783
[2021-09-07 16:44:58.097] [jointLog] [info] Number of fragments discarded because they are best-mapped to decoys : 0
[2021-09-07 16:44:58.097] [jointLog] [info] Number of fragments discarded because they have only dovetail (discordant) mappings to valid targets : 1,121,821
[2021-09-07 16:44:58.097] [jointLog] [info] Mapping rate = 59.7485%

[2021-09-07 16:44:58.097] [jointLog] [info] finished quantifyLibrary()
[2021-09-07 16:44:58.112] [jointLog] [info] Starting optimizer
[2021-09-07 16:44:58.153] [jointLog] [info] Marked 0 weighted equivalence classes as degenerate
[2021-09-07 16:44:58.158] [jointLog] [info] iteration = 0 | max rel diff. = 15553.4
[2021-09-07 16:44:58.093] [fileLog] [info] 
At end of round 0
==================
Observed 20195706 total fragments (20195706 in most recent round)

[2021-09-07 16:44:58.625] [jointLog] [info] iteration = 100 | max rel diff. = 0.142259
[2021-09-07 16:44:58.779] [jointLog] [info] iteration = 135 | max rel diff. = 0.00750888
[2021-09-07 16:44:58.788] [jointLog] [info] Finished optimizer
[2021-09-07 16:44:58.788] [jointLog] [info] writing output 

