[2021-01-15 14:24:36.863] [jointLog] [info] setting maxHashResizeThreads to 12
[2021-01-15 14:24:36.863] [jointLog] [info] Fragment incompatibility prior below threshold.  Incompatible fragments will be ignored.
[2021-01-15 14:24:36.863] [jointLog] [info] Usage of --validateMappings implies use of minScoreFraction. Since not explicitly specified, it is being set to 0.65
[2021-01-15 14:24:36.863] [jointLog] [info] Setting consensusSlack to selective-alignment default of 0.35.
[2021-01-15 14:24:36.863] [jointLog] [info] parsing read library format
[2021-01-15 14:24:36.863] [jointLog] [info] There is 1 library.
[2021-01-15 14:24:36.930] [jointLog] [info] Loading pufferfish index
[2021-01-15 14:24:36.933] [jointLog] [info] Loading dense pufferfish index.
[2021-01-15 14:24:39.026] [jointLog] [info] done
[2021-01-15 14:24:39.026] [jointLog] [info] Index contained 222,747 targets
[2021-01-15 14:24:39.129] [jointLog] [info] Number of decoys : 0
[2021-01-15 14:28:05.268] [fileLog] [info] 
At end of round 0
==================
Observed 22259777 total fragments (22259777 in most recent round)

[2021-01-15 14:28:05.267] [jointLog] [info] Computed 134,767 rich equivalence classes for further processing
[2021-01-15 14:28:05.267] [jointLog] [info] Counted 10,903,949 total reads in the equivalence classes 
[2021-01-15 14:28:05.272] [jointLog] [info] Number of mappings discarded because of alignment score : 10,970,606
[2021-01-15 14:28:05.272] [jointLog] [info] Number of fragments entirely discarded because of alignment score : 4,331,732
[2021-01-15 14:28:05.272] [jointLog] [info] Number of fragments discarded because they are best-mapped to decoys : 0
[2021-01-15 14:28:05.272] [jointLog] [info] Number of fragments discarded because they have only dovetail (discordant) mappings to valid targets : 817,878
[2021-01-15 14:28:05.272] [jointLog] [info] Mapping rate = 48.985%

[2021-01-15 14:28:05.272] [jointLog] [info] finished quantifyLibrary()
[2021-01-15 14:28:05.285] [jointLog] [info] Starting optimizer
[2021-01-15 14:28:05.416] [jointLog] [info] Marked 0 weighted equivalence classes as degenerate
[2021-01-15 14:28:05.431] [jointLog] [info] iteration = 0 | max rel diff. = 3782.5
[2021-01-15 14:28:06.757] [jointLog] [info] iteration = 100 | max rel diff. = 0.0115485
[2021-01-15 14:28:07.747] [jointLog] [info] iteration = 175 | max rel diff. = 0.00986948
[2021-01-15 14:28:07.791] [jointLog] [info] Finished optimizer
[2021-01-15 14:28:07.791] [jointLog] [info] writing output 

