[2021-01-14 18:22:19.933] [jointLog] [info] setting maxHashResizeThreads to 12
[2021-01-14 18:22:19.933] [jointLog] [info] Fragment incompatibility prior below threshold.  Incompatible fragments will be ignored.
[2021-01-14 18:22:19.933] [jointLog] [info] Usage of --validateMappings implies use of minScoreFraction. Since not explicitly specified, it is being set to 0.65
[2021-01-14 18:22:19.934] [jointLog] [info] Setting consensusSlack to selective-alignment default of 0.35.
[2021-01-14 18:22:19.934] [jointLog] [info] parsing read library format
[2021-01-14 18:22:19.934] [jointLog] [info] There is 1 library.
[2021-01-14 18:22:20.073] [jointLog] [info] Loading pufferfish index
[2021-01-14 18:22:20.076] [jointLog] [info] Loading dense pufferfish index.
[2021-01-14 18:22:21.994] [jointLog] [info] done
[2021-01-14 18:22:21.994] [jointLog] [info] Index contained 188,800 targets
[2021-01-14 18:22:22.078] [jointLog] [info] Number of decoys : 0
[2021-01-14 18:27:50.819] [fileLog] [info] 
At end of round 0
==================
Observed 23588181 total fragments (23588181 in most recent round)

[2021-01-14 18:27:50.819] [jointLog] [info] Computed 49,355 rich equivalence classes for further processing
[2021-01-14 18:27:50.819] [jointLog] [info] Counted 10,291,341 total reads in the equivalence classes 
[2021-01-14 18:27:50.823] [jointLog] [info] Number of mappings discarded because of alignment score : 24,492,229
[2021-01-14 18:27:50.823] [jointLog] [info] Number of fragments entirely discarded because of alignment score : 2,489,348
[2021-01-14 18:27:50.823] [jointLog] [info] Number of fragments discarded because they are best-mapped to decoys : 0
[2021-01-14 18:27:50.823] [jointLog] [info] Number of fragments discarded because they have only dovetail (discordant) mappings to valid targets : 236,245
[2021-01-14 18:27:50.823] [jointLog] [info] Mapping rate = 43.6292%

[2021-01-14 18:27:50.823] [jointLog] [info] finished quantifyLibrary()
[2021-01-14 18:27:50.927] [jointLog] [info] Starting optimizer
[2021-01-14 18:27:51.122] [jointLog] [info] Marked 0 weighted equivalence classes as degenerate
[2021-01-14 18:27:51.172] [jointLog] [info] iteration = 0 | max rel diff. = 4248.33
[2021-01-14 18:27:53.444] [jointLog] [info] iteration = 100 | max rel diff. = 0.029713
[2021-01-14 18:27:55.295] [jointLog] [info] iteration = 183 | max rel diff. = 0.000542119
[2021-01-14 18:27:55.338] [jointLog] [info] Finished optimizer
[2021-01-14 18:27:55.338] [jointLog] [info] writing output 

