[2021-01-15 14:20:45.161] [jointLog] [info] setting maxHashResizeThreads to 12
[2021-01-15 14:20:45.161] [jointLog] [info] Fragment incompatibility prior below threshold.  Incompatible fragments will be ignored.
[2021-01-15 14:20:45.161] [jointLog] [info] Usage of --validateMappings implies use of minScoreFraction. Since not explicitly specified, it is being set to 0.65
[2021-01-15 14:20:45.161] [jointLog] [info] Setting consensusSlack to selective-alignment default of 0.35.
[2021-01-15 14:20:45.161] [jointLog] [info] parsing read library format
[2021-01-15 14:20:45.161] [jointLog] [info] There is 1 library.
[2021-01-15 14:20:45.219] [jointLog] [info] Loading pufferfish index
[2021-01-15 14:20:45.221] [jointLog] [info] Loading dense pufferfish index.
[2021-01-15 14:20:47.185] [jointLog] [info] done
[2021-01-15 14:20:47.185] [jointLog] [info] Index contained 222,747 targets
[2021-01-15 14:20:47.281] [jointLog] [info] Number of decoys : 0
[2021-01-15 14:24:31.224] [jointLog] [info] Computed 103,959 rich equivalence classes for further processing
[2021-01-15 14:24:31.224] [jointLog] [info] Counted 12,212,832 total reads in the equivalence classes 
[2021-01-15 14:24:31.228] [jointLog] [info] Number of mappings discarded because of alignment score : 18,814,577
[2021-01-15 14:24:31.228] [jointLog] [info] Number of fragments entirely discarded because of alignment score : 4,591,206
[2021-01-15 14:24:31.228] [jointLog] [info] Number of fragments discarded because they are best-mapped to decoys : 0
[2021-01-15 14:24:31.228] [jointLog] [info] Number of fragments discarded because they have only dovetail (discordant) mappings to valid targets : 1,095,623
[2021-01-15 14:24:31.228] [jointLog] [info] Mapping rate = 51.6226%

[2021-01-15 14:24:31.228] [jointLog] [info] finished quantifyLibrary()
[2021-01-15 14:24:31.243] [jointLog] [info] Starting optimizer
[2021-01-15 14:24:31.349] [jointLog] [info] Marked 0 weighted equivalence classes as degenerate
[2021-01-15 14:24:31.364] [jointLog] [info] iteration = 0 | max rel diff. = 4081.86
[2021-01-15 14:24:31.224] [fileLog] [info] 
At end of round 0
==================
Observed 23657903 total fragments (23657903 in most recent round)

[2021-01-15 14:24:32.668] [jointLog] [info] iteration = 100 | max rel diff. = 16.9303
[2021-01-15 14:24:33.968] [jointLog] [info] iteration = 200 | max rel diff. = 0.0436369
[2021-01-15 14:24:35.041] [jointLog] [info] iteration = 283 | max rel diff. = 0.00044676
[2021-01-15 14:24:35.084] [jointLog] [info] Finished optimizer
[2021-01-15 14:24:35.084] [jointLog] [info] writing output 

