[2021-01-14 18:21:45.141] [jointLog] [info] setting maxHashResizeThreads to 12
[2021-01-14 18:21:45.141] [jointLog] [info] Fragment incompatibility prior below threshold.  Incompatible fragments will be ignored.
[2021-01-14 18:21:45.141] [jointLog] [info] Usage of --validateMappings implies use of minScoreFraction. Since not explicitly specified, it is being set to 0.65
[2021-01-14 18:21:45.141] [jointLog] [info] Setting consensusSlack to selective-alignment default of 0.35.
[2021-01-14 18:21:45.141] [jointLog] [info] parsing read library format
[2021-01-14 18:21:45.141] [jointLog] [info] There is 1 library.
[2021-01-14 18:21:45.545] [jointLog] [info] Loading pufferfish index
[2021-01-14 18:21:45.574] [jointLog] [info] Loading dense pufferfish index.
[2021-01-14 18:22:50.521] [jointLog] [info] done
[2021-01-14 18:22:50.521] [jointLog] [info] Index contained 209,332 targets
[2021-01-14 18:22:50.625] [jointLog] [info] Number of decoys : 0
[2021-01-14 18:26:31.475] [fileLog] [info] 
At end of round 0
==================
Observed 23127713 total fragments (23127713 in most recent round)

[2021-01-14 18:26:31.474] [jointLog] [info] Computed 71,769 rich equivalence classes for further processing
[2021-01-14 18:26:31.474] [jointLog] [info] Counted 15,267,898 total reads in the equivalence classes 
[2021-01-14 18:26:31.479] [jointLog] [info] Number of mappings discarded because of alignment score : 9,736,961
[2021-01-14 18:26:31.479] [jointLog] [info] Number of fragments entirely discarded because of alignment score : 4,961,362
[2021-01-14 18:26:31.479] [jointLog] [info] Number of fragments discarded because they are best-mapped to decoys : 0
[2021-01-14 18:26:31.479] [jointLog] [info] Number of fragments discarded because they have only dovetail (discordant) mappings to valid targets : 405,250
[2021-01-14 18:26:31.479] [jointLog] [info] Mapping rate = 66.0156%

[2021-01-14 18:26:31.479] [jointLog] [info] finished quantifyLibrary()
[2021-01-14 18:26:31.540] [jointLog] [info] Starting optimizer
[2021-01-14 18:26:31.780] [jointLog] [info] Marked 0 weighted equivalence classes as degenerate
[2021-01-14 18:26:31.816] [jointLog] [info] iteration = 0 | max rel diff. = 4734.06
[2021-01-14 18:26:33.721] [jointLog] [info] iteration = 100 | max rel diff. = 0.113778
[2021-01-14 18:26:33.887] [jointLog] [info] iteration = 112 | max rel diff. = 0.000534366
[2021-01-14 18:26:33.921] [jointLog] [info] Finished optimizer
[2021-01-14 18:26:33.921] [jointLog] [info] writing output 

