[2021-09-07 16:47:32.057] [jointLog] [info] setting maxHashResizeThreads to 12
[2021-09-07 16:47:32.057] [jointLog] [info] Fragment incompatibility prior below threshold.  Incompatible fragments will be ignored.
[2021-09-07 16:47:32.057] [jointLog] [info] Usage of --validateMappings implies use of minScoreFraction. Since not explicitly specified, it is being set to 0.65
[2021-09-07 16:47:32.057] [jointLog] [info] Setting consensusSlack to selective-alignment default of 0.35.
[2021-09-07 16:47:32.057] [jointLog] [info] parsing read library format
[2021-09-07 16:47:32.057] [jointLog] [info] There is 1 library.
[2021-09-07 16:47:32.158] [jointLog] [info] Loading pufferfish index
[2021-09-07 16:47:32.160] [jointLog] [info] Loading dense pufferfish index.
[2021-09-07 16:47:32.675] [jointLog] [info] done
[2021-09-07 16:47:32.675] [jointLog] [info] Index contained 57,740 targets
[2021-09-07 16:47:32.702] [jointLog] [info] Number of decoys : 0
[2021-09-07 16:51:02.208] [jointLog] [info] Computed 87,060 rich equivalence classes for further processing
[2021-09-07 16:51:02.208] [jointLog] [info] Counted 16,784,019 total reads in the equivalence classes 
[2021-09-07 16:51:02.212] [jointLog] [info] Number of mappings discarded because of alignment score : 7,647,480
[2021-09-07 16:51:02.212] [jointLog] [info] Number of fragments entirely discarded because of alignment score : 3,147,690
[2021-09-07 16:51:02.212] [jointLog] [info] Number of fragments discarded because they are best-mapped to decoys : 0
[2021-09-07 16:51:02.212] [jointLog] [info] Number of fragments discarded because they have only dovetail (discordant) mappings to valid targets : 1,143,787
[2021-09-07 16:51:02.212] [jointLog] [info] Mapping rate = 62.6251%

[2021-09-07 16:51:02.212] [jointLog] [info] finished quantifyLibrary()
[2021-09-07 16:51:02.236] [jointLog] [info] Starting optimizer
[2021-09-07 16:51:02.316] [jointLog] [info] Marked 0 weighted equivalence classes as degenerate
[2021-09-07 16:51:02.321] [jointLog] [info] iteration = 0 | max rel diff. = 18993.2
[2021-09-07 16:51:02.208] [fileLog] [info] 
At end of round 0
==================
Observed 26800797 total fragments (26800797 in most recent round)

[2021-09-07 16:51:02.734] [jointLog] [info] iteration = 100 | max rel diff. = 0.0241629
[2021-09-07 16:51:03.140] [jointLog] [info] iteration = 200 | max rel diff. = 0.074493
[2021-09-07 16:51:03.197] [jointLog] [info] iteration = 215 | max rel diff. = 0.00211894
[2021-09-07 16:51:03.206] [jointLog] [info] Finished optimizer
[2021-09-07 16:51:03.206] [jointLog] [info] writing output 

