[2021-01-15 14:28:09.408] [jointLog] [info] setting maxHashResizeThreads to 12
[2021-01-15 14:28:09.408] [jointLog] [info] Fragment incompatibility prior below threshold.  Incompatible fragments will be ignored.
[2021-01-15 14:28:09.408] [jointLog] [info] Usage of --validateMappings implies use of minScoreFraction. Since not explicitly specified, it is being set to 0.65
[2021-01-15 14:28:09.408] [jointLog] [info] Setting consensusSlack to selective-alignment default of 0.35.
[2021-01-15 14:28:09.408] [jointLog] [info] parsing read library format
[2021-01-15 14:28:09.408] [jointLog] [info] There is 1 library.
[2021-01-15 14:28:09.476] [jointLog] [info] Loading pufferfish index
[2021-01-15 14:28:09.478] [jointLog] [info] Loading dense pufferfish index.
[2021-01-15 14:28:11.538] [jointLog] [info] done
[2021-01-15 14:28:11.538] [jointLog] [info] Index contained 222,747 targets
[2021-01-15 14:28:11.640] [jointLog] [info] Number of decoys : 0
[2021-01-15 14:33:30.420] [fileLog] [info] 
At end of round 0
==================
Observed 24698898 total fragments (24698898 in most recent round)

[2021-01-15 14:33:30.420] [jointLog] [info] Computed 113,345 rich equivalence classes for further processing
[2021-01-15 14:33:30.420] [jointLog] [info] Counted 12,633,358 total reads in the equivalence classes 
[2021-01-15 14:33:30.425] [jointLog] [info] Number of mappings discarded because of alignment score : 29,324,150
[2021-01-15 14:33:30.425] [jointLog] [info] Number of fragments entirely discarded because of alignment score : 5,009,145
[2021-01-15 14:33:30.425] [jointLog] [info] Number of fragments discarded because they are best-mapped to decoys : 0
[2021-01-15 14:33:30.425] [jointLog] [info] Number of fragments discarded because they have only dovetail (discordant) mappings to valid targets : 1,946,541
[2021-01-15 14:33:30.425] [jointLog] [info] Mapping rate = 51.1495%

[2021-01-15 14:33:30.425] [jointLog] [info] finished quantifyLibrary()
[2021-01-15 14:33:30.438] [jointLog] [info] Starting optimizer
[2021-01-15 14:33:30.973] [jointLog] [info] Marked 0 weighted equivalence classes as degenerate
[2021-01-15 14:33:30.998] [jointLog] [info] iteration = 0 | max rel diff. = 4227.92
[2021-01-15 14:33:32.435] [jointLog] [info] iteration = 100 | max rel diff. = 0.114444
[2021-01-15 14:33:33.859] [jointLog] [info] iteration = 200 | max rel diff. = 0.290291
[2021-01-15 14:33:33.916] [jointLog] [info] iteration = 205 | max rel diff. = 0.000586663
[2021-01-15 14:33:33.956] [jointLog] [info] Finished optimizer
[2021-01-15 14:33:33.956] [jointLog] [info] writing output 

