[2021-09-07 16:32:22.860] [jointLog] [info] setting maxHashResizeThreads to 12
[2021-09-07 16:32:22.860] [jointLog] [info] Fragment incompatibility prior below threshold.  Incompatible fragments will be ignored.
[2021-09-07 16:32:22.860] [jointLog] [info] Usage of --validateMappings implies use of minScoreFraction. Since not explicitly specified, it is being set to 0.65
[2021-09-07 16:32:22.860] [jointLog] [info] Setting consensusSlack to selective-alignment default of 0.35.
[2021-09-07 16:32:22.860] [jointLog] [info] parsing read library format
[2021-09-07 16:32:22.860] [jointLog] [info] There is 1 library.
[2021-09-07 16:32:22.964] [jointLog] [info] Loading pufferfish index
[2021-09-07 16:32:22.966] [jointLog] [info] Loading dense pufferfish index.
[2021-09-07 16:32:23.378] [jointLog] [info] done
[2021-09-07 16:32:23.378] [jointLog] [info] Index contained 45,600 targets
[2021-09-07 16:32:23.400] [jointLog] [info] Number of decoys : 0
[2021-09-07 16:34:51.106] [jointLog] [info] Computed 70,968 rich equivalence classes for further processing
[2021-09-07 16:34:51.106] [jointLog] [info] Counted 9,645,727 total reads in the equivalence classes 
[2021-09-07 16:34:51.111] [jointLog] [info] Number of mappings discarded because of alignment score : 8,391,773
[2021-09-07 16:34:51.111] [jointLog] [info] Number of fragments entirely discarded because of alignment score : 2,445,425
[2021-09-07 16:34:51.111] [jointLog] [info] Number of fragments discarded because they are best-mapped to decoys : 0
[2021-09-07 16:34:51.111] [jointLog] [info] Number of fragments discarded because they have only dovetail (discordant) mappings to valid targets : 598,483
[2021-09-07 16:34:51.111] [jointLog] [info] Mapping rate = 46.1229%

[2021-09-07 16:34:51.111] [jointLog] [info] finished quantifyLibrary()
[2021-09-07 16:34:51.121] [jointLog] [info] Starting optimizer
[2021-09-07 16:34:51.156] [jointLog] [info] Marked 0 weighted equivalence classes as degenerate
[2021-09-07 16:34:51.160] [jointLog] [info] iteration = 0 | max rel diff. = 16017.3
[2021-09-07 16:34:51.107] [fileLog] [info] 
At end of round 0
==================
Observed 20913102 total fragments (20913102 in most recent round)

[2021-09-07 16:34:51.532] [jointLog] [info] iteration = 100 | max rel diff. = 0.161689
[2021-09-07 16:34:51.775] [jointLog] [info] iteration = 168 | max rel diff. = 0.00252177
[2021-09-07 16:34:51.783] [jointLog] [info] Finished optimizer
[2021-09-07 16:34:51.783] [jointLog] [info] writing output 

