[2021-01-14 18:32:08.991] [jointLog] [info] setting maxHashResizeThreads to 12
[2021-01-14 18:32:08.991] [jointLog] [info] Fragment incompatibility prior below threshold.  Incompatible fragments will be ignored.
[2021-01-14 18:32:08.991] [jointLog] [info] Usage of --validateMappings implies use of minScoreFraction. Since not explicitly specified, it is being set to 0.65
[2021-01-14 18:32:08.991] [jointLog] [info] Setting consensusSlack to selective-alignment default of 0.35.
[2021-01-14 18:32:08.991] [jointLog] [info] parsing read library format
[2021-01-14 18:32:08.991] [jointLog] [info] There is 1 library.
[2021-01-14 18:32:09.225] [jointLog] [info] Loading pufferfish index
[2021-01-14 18:32:09.243] [jointLog] [info] Loading dense pufferfish index.
[2021-01-14 18:32:13.060] [jointLog] [info] done
[2021-01-14 18:32:13.060] [jointLog] [info] Index contained 209,332 targets
[2021-01-14 18:32:13.215] [jointLog] [info] Number of decoys : 0
[2021-01-14 18:38:52.881] [jointLog] [info] Computed 121,696 rich equivalence classes for further processing
[2021-01-14 18:38:52.881] [jointLog] [info] Counted 15,818,319 total reads in the equivalence classes 
[2021-01-14 18:38:52.886] [jointLog] [info] Number of mappings discarded because of alignment score : 5,811,124
[2021-01-14 18:38:52.886] [jointLog] [info] Number of fragments entirely discarded because of alignment score : 3,036,786
[2021-01-14 18:38:52.886] [jointLog] [info] Number of fragments discarded because they are best-mapped to decoys : 0
[2021-01-14 18:38:52.886] [jointLog] [info] Number of fragments discarded because they have only dovetail (discordant) mappings to valid targets : 296,331
[2021-01-14 18:38:52.886] [jointLog] [info] Mapping rate = 63.1639%

[2021-01-14 18:38:52.886] [jointLog] [info] finished quantifyLibrary()
[2021-01-14 18:38:52.943] [jointLog] [info] Starting optimizer
[2021-01-14 18:38:52.882] [fileLog] [info] 
At end of round 0
==================
Observed 25043275 total fragments (25043275 in most recent round)

[2021-01-14 18:38:53.183] [jointLog] [info] Marked 0 weighted equivalence classes as degenerate
[2021-01-14 18:38:53.232] [jointLog] [info] iteration = 0 | max rel diff. = 5073.31
[2021-01-14 18:38:55.941] [jointLog] [info] iteration = 100 | max rel diff. = 0.069514
[2021-01-14 18:38:56.278] [jointLog] [info] iteration = 115 | max rel diff. = 0.000139011
[2021-01-14 18:38:56.310] [jointLog] [info] Finished optimizer
[2021-01-14 18:38:56.310] [jointLog] [info] writing output 

