[2021-01-14 18:27:58.287] [jointLog] [info] setting maxHashResizeThreads to 12
[2021-01-14 18:27:58.287] [jointLog] [info] Fragment incompatibility prior below threshold.  Incompatible fragments will be ignored.
[2021-01-14 18:27:58.287] [jointLog] [info] Usage of --validateMappings implies use of minScoreFraction. Since not explicitly specified, it is being set to 0.65
[2021-01-14 18:27:58.287] [jointLog] [info] Setting consensusSlack to selective-alignment default of 0.35.
[2021-01-14 18:27:58.287] [jointLog] [info] parsing read library format
[2021-01-14 18:27:58.287] [jointLog] [info] There is 1 library.
[2021-01-14 18:27:58.634] [jointLog] [info] Loading pufferfish index
[2021-01-14 18:27:58.667] [jointLog] [info] Loading dense pufferfish index.
[2021-01-14 18:28:01.556] [jointLog] [info] done
[2021-01-14 18:28:01.556] [jointLog] [info] Index contained 188,800 targets
[2021-01-14 18:28:01.761] [jointLog] [info] Number of decoys : 0
[2021-01-14 18:35:20.858] [jointLog] [info] Computed 54,963 rich equivalence classes for further processing
[2021-01-14 18:35:20.858] [jointLog] [info] Counted 9,347,487 total reads in the equivalence classes 
[2021-01-14 18:35:20.862] [jointLog] [info] Number of mappings discarded because of alignment score : 13,473,684
[2021-01-14 18:35:20.862] [jointLog] [info] Number of fragments entirely discarded because of alignment score : 3,361,764
[2021-01-14 18:35:20.862] [jointLog] [info] Number of fragments discarded because they are best-mapped to decoys : 0
[2021-01-14 18:35:20.862] [jointLog] [info] Number of fragments discarded because they have only dovetail (discordant) mappings to valid targets : 269,739
[2021-01-14 18:35:20.862] [jointLog] [info] Mapping rate = 41.7532%

[2021-01-14 18:35:20.862] [jointLog] [info] finished quantifyLibrary()
[2021-01-14 18:35:20.916] [jointLog] [info] Starting optimizer
[2021-01-14 18:35:20.859] [fileLog] [info] 
At end of round 0
==================
Observed 22387474 total fragments (22387474 in most recent round)

[2021-01-14 18:35:21.320] [jointLog] [info] Marked 0 weighted equivalence classes as degenerate
[2021-01-14 18:35:21.384] [jointLog] [info] iteration = 0 | max rel diff. = 3882.16
[2021-01-14 18:35:25.397] [jointLog] [info] iteration = 100 | max rel diff. = 0.210215
[2021-01-14 18:35:26.854] [jointLog] [info] iteration = 141 | max rel diff. = 0.00786483
[2021-01-14 18:35:26.906] [jointLog] [info] Finished optimizer
[2021-01-14 18:35:26.906] [jointLog] [info] writing output 

