[2021-09-07 16:38:03.762] [jointLog] [info] setting maxHashResizeThreads to 12
[2021-09-07 16:38:03.762] [jointLog] [info] Fragment incompatibility prior below threshold.  Incompatible fragments will be ignored.
[2021-09-07 16:38:03.762] [jointLog] [info] Usage of --validateMappings implies use of minScoreFraction. Since not explicitly specified, it is being set to 0.65
[2021-09-07 16:38:03.763] [jointLog] [info] Setting consensusSlack to selective-alignment default of 0.35.
[2021-09-07 16:38:03.763] [jointLog] [info] parsing read library format
[2021-09-07 16:38:03.763] [jointLog] [info] There is 1 library.
[2021-09-07 16:38:04.081] [jointLog] [info] Loading pufferfish index
[2021-09-07 16:38:04.093] [jointLog] [info] Loading dense pufferfish index.
[2021-09-07 16:38:05.054] [jointLog] [info] done
[2021-09-07 16:38:05.054] [jointLog] [info] Index contained 57,740 targets
[2021-09-07 16:38:05.082] [jointLog] [info] Number of decoys : 0
[2021-09-07 16:42:06.714] [fileLog] [info] 
At end of round 0
==================
Observed 20431267 total fragments (20431267 in most recent round)

[2021-09-07 16:42:06.714] [jointLog] [info] Computed 78,578 rich equivalence classes for further processing
[2021-09-07 16:42:06.714] [jointLog] [info] Counted 12,131,590 total reads in the equivalence classes 
[2021-09-07 16:42:06.719] [jointLog] [info] Number of mappings discarded because of alignment score : 9,515,822
[2021-09-07 16:42:06.719] [jointLog] [info] Number of fragments entirely discarded because of alignment score : 2,553,522
[2021-09-07 16:42:06.719] [jointLog] [info] Number of fragments discarded because they are best-mapped to decoys : 0
[2021-09-07 16:42:06.719] [jointLog] [info] Number of fragments discarded because they have only dovetail (discordant) mappings to valid targets : 1,013,414
[2021-09-07 16:42:06.719] [jointLog] [info] Mapping rate = 59.3776%

[2021-09-07 16:42:06.719] [jointLog] [info] finished quantifyLibrary()
[2021-09-07 16:42:06.732] [jointLog] [info] Starting optimizer
[2021-09-07 16:42:06.775] [jointLog] [info] Marked 0 weighted equivalence classes as degenerate
[2021-09-07 16:42:06.779] [jointLog] [info] iteration = 0 | max rel diff. = 15881.5
[2021-09-07 16:42:07.203] [jointLog] [info] iteration = 100 | max rel diff. = 0.028389
[2021-09-07 16:42:07.375] [jointLog] [info] iteration = 142 | max rel diff. = 0.00823529
[2021-09-07 16:42:07.383] [jointLog] [info] Finished optimizer
[2021-09-07 16:42:07.383] [jointLog] [info] writing output 

