[2021-01-14 18:35:29.982] [jointLog] [info] setting maxHashResizeThreads to 12
[2021-01-14 18:35:29.982] [jointLog] [info] Fragment incompatibility prior below threshold.  Incompatible fragments will be ignored.
[2021-01-14 18:35:29.982] [jointLog] [info] Usage of --validateMappings implies use of minScoreFraction. Since not explicitly specified, it is being set to 0.65
[2021-01-14 18:35:29.982] [jointLog] [info] Setting consensusSlack to selective-alignment default of 0.35.
[2021-01-14 18:35:29.982] [jointLog] [info] parsing read library format
[2021-01-14 18:35:29.982] [jointLog] [info] There is 1 library.
[2021-01-14 18:35:30.314] [jointLog] [info] Loading pufferfish index
[2021-01-14 18:35:30.329] [jointLog] [info] Loading dense pufferfish index.
[2021-01-14 18:35:34.814] [jointLog] [info] done
[2021-01-14 18:35:34.814] [jointLog] [info] Index contained 188,800 targets
[2021-01-14 18:35:34.958] [jointLog] [info] Number of decoys : 0
[2021-01-14 18:41:47.878] [jointLog] [info] Computed 48,340 rich equivalence classes for further processing
[2021-01-14 18:41:47.878] [jointLog] [info] Counted 9,091,772 total reads in the equivalence classes 
[2021-01-14 18:41:47.882] [jointLog] [info] Number of mappings discarded because of alignment score : 16,532,834
[2021-01-14 18:41:47.882] [jointLog] [info] Number of fragments entirely discarded because of alignment score : 2,889,643
[2021-01-14 18:41:47.882] [jointLog] [info] Number of fragments discarded because they are best-mapped to decoys : 0
[2021-01-14 18:41:47.882] [jointLog] [info] Number of fragments discarded because they have only dovetail (discordant) mappings to valid targets : 235,976
[2021-01-14 18:41:47.882] [jointLog] [info] Mapping rate = 41.9985%

[2021-01-14 18:41:47.882] [jointLog] [info] finished quantifyLibrary()
[2021-01-14 18:41:47.925] [jointLog] [info] Starting optimizer
[2021-01-14 18:41:48.032] [jointLog] [info] Marked 0 weighted equivalence classes as degenerate
[2021-01-14 18:41:48.078] [jointLog] [info] iteration = 0 | max rel diff. = 3793.39
[2021-01-14 18:41:47.879] [fileLog] [info] 
At end of round 0
==================
Observed 21647824 total fragments (21647824 in most recent round)

[2021-01-14 18:41:49.603] [jointLog] [info] iteration = 100 | max rel diff. = 0.0276978
[2021-01-14 18:41:50.152] [jointLog] [info] iteration = 134 | max rel diff. = 0.00370161
[2021-01-14 18:41:50.180] [jointLog] [info] Finished optimizer
[2021-01-14 18:41:50.180] [jointLog] [info] writing output 

