[2021-09-07 16:34:52.839] [jointLog] [info] setting maxHashResizeThreads to 12
[2021-09-07 16:34:52.839] [jointLog] [info] Fragment incompatibility prior below threshold.  Incompatible fragments will be ignored.
[2021-09-07 16:34:52.839] [jointLog] [info] Usage of --validateMappings implies use of minScoreFraction. Since not explicitly specified, it is being set to 0.65
[2021-09-07 16:34:52.839] [jointLog] [info] Setting consensusSlack to selective-alignment default of 0.35.
[2021-09-07 16:34:52.839] [jointLog] [info] parsing read library format
[2021-09-07 16:34:52.839] [jointLog] [info] There is 1 library.
[2021-09-07 16:34:53.143] [jointLog] [info] Loading pufferfish index
[2021-09-07 16:34:53.146] [jointLog] [info] Loading dense pufferfish index.
[2021-09-07 16:34:53.562] [jointLog] [info] done
[2021-09-07 16:34:53.562] [jointLog] [info] Index contained 45,600 targets
[2021-09-07 16:34:53.584] [jointLog] [info] Number of decoys : 0
[2021-09-07 16:36:53.506] [fileLog] [info] 
At end of round 0
==================
Observed 19668767 total fragments (19668767 in most recent round)

[2021-09-07 16:36:53.505] [jointLog] [info] Computed 82,191 rich equivalence classes for further processing
[2021-09-07 16:36:53.505] [jointLog] [info] Counted 10,860,578 total reads in the equivalence classes 
[2021-09-07 16:36:53.511] [jointLog] [info] Number of mappings discarded because of alignment score : 7,177,181
[2021-09-07 16:36:53.511] [jointLog] [info] Number of fragments entirely discarded because of alignment score : 2,137,175
[2021-09-07 16:36:53.511] [jointLog] [info] Number of fragments discarded because they are best-mapped to decoys : 0
[2021-09-07 16:36:53.511] [jointLog] [info] Number of fragments discarded because they have only dovetail (discordant) mappings to valid targets : 557,493
[2021-09-07 16:36:53.511] [jointLog] [info] Mapping rate = 55.2174%

[2021-09-07 16:36:53.511] [jointLog] [info] finished quantifyLibrary()
[2021-09-07 16:36:53.522] [jointLog] [info] Starting optimizer
[2021-09-07 16:36:53.562] [jointLog] [info] Marked 0 weighted equivalence classes as degenerate
[2021-09-07 16:36:53.567] [jointLog] [info] iteration = 0 | max rel diff. = 16313.3
[2021-09-07 16:36:54.022] [jointLog] [info] iteration = 100 | max rel diff. = 0.136445
[2021-09-07 16:36:54.430] [jointLog] [info] iteration = 191 | max rel diff. = 0.00319877
[2021-09-07 16:36:54.437] [jointLog] [info] Finished optimizer
[2021-09-07 16:36:54.437] [jointLog] [info] writing output 

