[2021-09-07 16:45:00.233] [jointLog] [info] setting maxHashResizeThreads to 12
[2021-09-07 16:45:00.233] [jointLog] [info] Fragment incompatibility prior below threshold.  Incompatible fragments will be ignored.
[2021-09-07 16:45:00.233] [jointLog] [info] Usage of --validateMappings implies use of minScoreFraction. Since not explicitly specified, it is being set to 0.65
[2021-09-07 16:45:00.233] [jointLog] [info] Setting consensusSlack to selective-alignment default of 0.35.
[2021-09-07 16:45:00.233] [jointLog] [info] parsing read library format
[2021-09-07 16:45:00.233] [jointLog] [info] There is 1 library.
[2021-09-07 16:45:00.332] [jointLog] [info] Loading pufferfish index
[2021-09-07 16:45:00.334] [jointLog] [info] Loading dense pufferfish index.
[2021-09-07 16:45:00.838] [jointLog] [info] done
[2021-09-07 16:45:00.838] [jointLog] [info] Index contained 57,740 targets
[2021-09-07 16:45:00.865] [jointLog] [info] Number of decoys : 0
[2021-09-07 16:47:29.774] [fileLog] [info] 
At end of round 0
==================
Observed 21933460 total fragments (21933460 in most recent round)

[2021-09-07 16:47:29.774] [jointLog] [info] Computed 72,287 rich equivalence classes for further processing
[2021-09-07 16:47:29.774] [jointLog] [info] Counted 13,780,403 total reads in the equivalence classes 
[2021-09-07 16:47:29.779] [jointLog] [info] Number of mappings discarded because of alignment score : 7,380,827
[2021-09-07 16:47:29.779] [jointLog] [info] Number of fragments entirely discarded because of alignment score : 2,390,000
[2021-09-07 16:47:29.779] [jointLog] [info] Number of fragments discarded because they are best-mapped to decoys : 0
[2021-09-07 16:47:29.779] [jointLog] [info] Number of fragments discarded because they have only dovetail (discordant) mappings to valid targets : 852,360
[2021-09-07 16:47:29.779] [jointLog] [info] Mapping rate = 62.8282%

[2021-09-07 16:47:29.779] [jointLog] [info] finished quantifyLibrary()
[2021-09-07 16:47:29.806] [jointLog] [info] Starting optimizer
[2021-09-07 16:47:29.859] [jointLog] [info] Marked 0 weighted equivalence classes as degenerate
[2021-09-07 16:47:29.863] [jointLog] [info] iteration = 0 | max rel diff. = 16237.6
[2021-09-07 16:47:30.275] [jointLog] [info] iteration = 100 | max rel diff. = 0.335611
[2021-09-07 16:47:30.398] [jointLog] [info] iteration = 131 | max rel diff. = 0.00453168
[2021-09-07 16:47:30.407] [jointLog] [info] Finished optimizer
[2021-09-07 16:47:30.407] [jointLog] [info] writing output 

