[2021-01-15 14:37:41.210] [jointLog] [info] setting maxHashResizeThreads to 12
[2021-01-15 14:37:41.210] [jointLog] [info] Fragment incompatibility prior below threshold.  Incompatible fragments will be ignored.
[2021-01-15 14:37:41.210] [jointLog] [info] Usage of --validateMappings implies use of minScoreFraction. Since not explicitly specified, it is being set to 0.65
[2021-01-15 14:37:41.210] [jointLog] [info] Setting consensusSlack to selective-alignment default of 0.35.
[2021-01-15 14:37:41.210] [jointLog] [info] parsing read library format
[2021-01-15 14:37:41.210] [jointLog] [info] There is 1 library.
[2021-01-15 14:37:41.276] [jointLog] [info] Loading pufferfish index
[2021-01-15 14:37:41.278] [jointLog] [info] Loading dense pufferfish index.
[2021-01-15 14:37:43.273] [jointLog] [info] done
[2021-01-15 14:37:43.273] [jointLog] [info] Index contained 222,747 targets
[2021-01-15 14:37:43.373] [jointLog] [info] Number of decoys : 0
[2021-01-15 14:41:28.446] [jointLog] [info] Computed 105,726 rich equivalence classes for further processing
[2021-01-15 14:41:28.446] [jointLog] [info] Counted 8,998,535 total reads in the equivalence classes 
[2021-01-15 14:41:28.451] [jointLog] [info] Number of mappings discarded because of alignment score : 26,938,724
[2021-01-15 14:41:28.451] [jointLog] [info] Number of fragments entirely discarded because of alignment score : 4,064,673
[2021-01-15 14:41:28.451] [jointLog] [info] Number of fragments discarded because they are best-mapped to decoys : 0
[2021-01-15 14:41:28.451] [jointLog] [info] Number of fragments discarded because they have only dovetail (discordant) mappings to valid targets : 1,118,309
[2021-01-15 14:41:28.451] [jointLog] [info] Mapping rate = 43.1427%

[2021-01-15 14:41:28.451] [jointLog] [info] finished quantifyLibrary()
[2021-01-15 14:41:28.463] [jointLog] [info] Starting optimizer
[2021-01-15 14:41:28.583] [jointLog] [info] Marked 0 weighted equivalence classes as degenerate
[2021-01-15 14:41:28.597] [jointLog] [info] iteration = 0 | max rel diff. = 3281.5
[2021-01-15 14:41:28.447] [fileLog] [info] 
At end of round 0
==================
Observed 20857584 total fragments (20857584 in most recent round)

[2021-01-15 14:41:30.023] [jointLog] [info] iteration = 100 | max rel diff. = 0.0971907
[2021-01-15 14:41:31.441] [jointLog] [info] iteration = 200 | max rel diff. = 0.0208818
[2021-01-15 14:41:31.837] [jointLog] [info] iteration = 229 | max rel diff. = 0.000460818
[2021-01-15 14:41:31.875] [jointLog] [info] Finished optimizer
[2021-01-15 14:41:31.875] [jointLog] [info] writing output 

