[2021-01-15 14:33:35.468] [jointLog] [info] setting maxHashResizeThreads to 12
[2021-01-15 14:33:35.468] [jointLog] [info] Fragment incompatibility prior below threshold.  Incompatible fragments will be ignored.
[2021-01-15 14:33:35.468] [jointLog] [info] Usage of --validateMappings implies use of minScoreFraction. Since not explicitly specified, it is being set to 0.65
[2021-01-15 14:33:35.468] [jointLog] [info] Setting consensusSlack to selective-alignment default of 0.35.
[2021-01-15 14:33:35.468] [jointLog] [info] parsing read library format
[2021-01-15 14:33:35.468] [jointLog] [info] There is 1 library.
[2021-01-15 14:33:35.536] [jointLog] [info] Loading pufferfish index
[2021-01-15 14:33:35.538] [jointLog] [info] Loading dense pufferfish index.
[2021-01-15 14:33:37.561] [jointLog] [info] done
[2021-01-15 14:33:37.561] [jointLog] [info] Index contained 222,747 targets
[2021-01-15 14:33:37.661] [jointLog] [info] Number of decoys : 0
[2021-01-15 14:37:36.531] [jointLog] [info] Computed 112,039 rich equivalence classes for further processing
[2021-01-15 14:37:36.531] [jointLog] [info] Counted 12,660,700 total reads in the equivalence classes 
[2021-01-15 14:37:36.536] [jointLog] [info] Number of mappings discarded because of alignment score : 16,476,533
[2021-01-15 14:37:36.536] [jointLog] [info] Number of fragments entirely discarded because of alignment score : 4,205,623
[2021-01-15 14:37:36.536] [jointLog] [info] Number of fragments discarded because they are best-mapped to decoys : 0
[2021-01-15 14:37:36.536] [jointLog] [info] Number of fragments discarded because they have only dovetail (discordant) mappings to valid targets : 1,063,326
[2021-01-15 14:37:36.536] [jointLog] [info] Mapping rate = 56.6588%

[2021-01-15 14:37:36.536] [jointLog] [info] finished quantifyLibrary()
[2021-01-15 14:37:36.549] [jointLog] [info] Starting optimizer
[2021-01-15 14:37:36.665] [jointLog] [info] Marked 0 weighted equivalence classes as degenerate
[2021-01-15 14:37:36.679] [jointLog] [info] iteration = 0 | max rel diff. = 4217.62
[2021-01-15 14:37:36.532] [fileLog] [info] 
At end of round 0
==================
Observed 22345517 total fragments (22345517 in most recent round)

[2021-01-15 14:37:38.017] [jointLog] [info] iteration = 100 | max rel diff. = 0.084292
[2021-01-15 14:37:39.233] [jointLog] [info] iteration = 192 | max rel diff. = 0.00229664
[2021-01-15 14:37:39.271] [jointLog] [info] Finished optimizer
[2021-01-15 14:37:39.271] [jointLog] [info] writing output 

